<?xml version="1.0" encoding="UTF-8"?>
<testsuites name="jest tests" tests="7" failures="0" errors="0" time="4.118">
  <testsuite name="undefined" errors="0" failures="0" skipped="0" timestamp="2021-10-11T08:58:24" time="1.184" tests="1">
    <testcase classname="-fetches async when a button is clicked" name="-fetches async when a button is clicked" time="0.015">
    </testcase>
  </testsuite>
  <testsuite name="音楽検索結果画面" errors="0" failures="0" skipped="0" timestamp="2021-10-11T08:58:24" time="1.34" tests="1">
    <testcase classname="音楽検索結果画面-created()" name="音楽検索結果画面-created()" time="0.155">
    </testcase>
  </testsuite>
  <testsuite name="じゃんけんゲーム" errors="0" failures="0" skipped="0" timestamp="2021-10-11T08:58:24" time="1.365" tests="2">
    <testcase classname="じゃんけんゲーム-date&apos;hand&apos;に正しい配列が入っているか" name="じゃんけんゲーム-date&apos;hand&apos;に正しい配列が入っているか" time="0.122">
    </testcase>
    <testcase classname="じゃんけんゲーム-fight" name="じゃんけんゲーム-fight" time="0.057">
    </testcase>
  </testsuite>
  <testsuite name="音楽検索" errors="0" failures="0" skipped="0" timestamp="2021-10-11T08:58:24" time="1.389" tests="3">
    <testcase classname="音楽検索-keyword初期値" name="音楽検索-keyword初期値" time="0.116">
    </testcase>
    <testcase classname="音楽検索-検索ボタンクリック時にsearch()の$route.pushが実行される" name="音楽検索-検索ボタンクリック時にsearch()の$route.pushが実行される" time="0.048">
    </testcase>
    <testcase classname="音楽検索-search()の引数が正しく実行される" name="音楽検索-search()の引数が正しく実行される" time="0.048">
    </testcase>
  </testsuite>
</testsuites>