<?xml version="1.0" encoding="UTF-8"?>
<testsuites name="jest tests" tests="7" failures="0" errors="0" time="4.98">
  <testsuite name="undefined" errors="0" failures="0" skipped="0" timestamp="2021-10-14T08:22:23" time="1.284" tests="1">
    <testcase classname="-fetches async when a button is clicked" name="-fetches async when a button is clicked" time="0.016">
    </testcase>
  </testsuite>
  <testsuite name="音楽検索結果画面" errors="0" failures="0" skipped="0" timestamp="2021-10-14T08:22:23" time="1.438" tests="1">
    <testcase classname="音楽検索結果画面-created()" name="音楽検索結果画面-created()" time="0.165">
    </testcase>
  </testsuite>
  <testsuite name="じゃんけんゲーム" errors="0" failures="0" skipped="0" timestamp="2021-10-14T08:22:23" time="1.467" tests="2">
    <testcase classname="じゃんけんゲーム-date&apos;hand&apos;に正しい配列が入っているか" name="じゃんけんゲーム-date&apos;hand&apos;に正しい配列が入っているか" time="0.132">
    </testcase>
    <testcase classname="じゃんけんゲーム-fight" name="じゃんけんゲーム-fight" time="0.062">
    </testcase>
  </testsuite>
  <testsuite name="音楽検索" errors="0" failures="0" skipped="0" timestamp="2021-10-14T08:22:23" time="1.51" tests="3">
    <testcase classname="音楽検索-keyword初期値" name="音楽検索-keyword初期値" time="0.13">
    </testcase>
    <testcase classname="音楽検索-検索ボタンクリック時にsearch()の$route.pushが実行される" name="音楽検索-検索ボタンクリック時にsearch()の$route.pushが実行される" time="0.051">
    </testcase>
    <testcase classname="音楽検索-search()の引数が正しく実行される" name="音楽検索-search()の引数が正しく実行される" time="0.058">
    </testcase>
  </testsuite>
</testsuites>