{"C:\\Users\\81909\\OneDrive\\デスクトップ\\vueアプリサンプル\\sampleapp\\src\\components\\Sample.vue": {"path":"C:\\Users\\81909\\OneDrive\\デスクトップ\\vueアプリサンプル\\sampleapp\\src\\components\\Sample.vue","statementMap":{"0":{"start":{"line":1,"column":1},"end":{"line":58,"column":4}},"1":{"start":{"line":4,"column":0},"end":{"line":6,"column":3}},"2":{"start":{"line":7,"column":0},"end":{"line":7,"column":25}},"3":{"start":{"line":26,"column":15},"end":{"line":56,"column":1}},"4":{"start":{"line":30,"column":4},"end":{"line":35,"column":6}},"5":{"start":{"line":40,"column":20},"end":{"line":40,"column":61}},"6":{"start":{"line":41,"column":6},"end":{"line":41,"column":40}},"7":{"start":{"line":43,"column":6},"end":{"line":53,"column":7}},"8":{"start":{"line":44,"column":8},"end":{"line":44,"column":28}},"9":{"start":{"line":45,"column":13},"end":{"line":53,"column":7}},"10":{"start":{"line":46,"column":8},"end":{"line":46,"column":27}},"11":{"start":{"line":47,"column":13},"end":{"line":53,"column":7}},"12":{"start":{"line":48,"column":8},"end":{"line":48,"column":27}},"13":{"start":{"line":49,"column":13},"end":{"line":53,"column":7}},"14":{"start":{"line":50,"column":8},"end":{"line":50,"column":27}},"15":{"start":{"line":52,"column":8},"end":{"line":52,"column":27}},"16":{"start":{"line":57,"column":0},"end":{"line":57,"column":27}},"17":{"start":{"line":59,"column":20},"end":{"line":59,"column":89}},"18":{"start":{"line":59,"column":114},"end":{"line":59,"column":187}},"19":{"start":{"line":60,"column":0},"end":{"line":60,"column":590}},"20":{"start":{"line":60,"column":54},"end":{"line":60,"column":58}},"21":{"start":{"line":60,"column":66},"end":{"line":60,"column":84}},"22":{"start":{"line":60,"column":92},"end":{"line":60,"column":108}},"23":{"start":{"line":60,"column":109},"end":{"line":60,"column":589}},"24":{"start":{"line":60,"column":287},"end":{"line":60,"column":310}},"25":{"start":{"line":60,"column":383},"end":{"line":60,"column":408}},"26":{"start":{"line":60,"column":482},"end":{"line":60,"column":505}},"27":{"start":{"line":61,"column":0},"end":{"line":61,"column":37}}},"fnMap":{"0":{"name":"(anonymous_0)","decl":{"start":{"line":1,"column":2},"end":{"line":1,"column":3}},"loc":{"start":{"line":1,"column":12},"end":{"line":58,"column":1}},"line":1},"1":{"name":"(anonymous_1)","decl":{"start":{"line":29,"column":2},"end":{"line":29,"column":3}},"loc":{"start":{"line":29,"column":9},"end":{"line":36,"column":3}},"line":29},"2":{"name":"(anonymous_2)","decl":{"start":{"line":39,"column":11},"end":{"line":39,"column":12}},"loc":{"start":{"line":39,"column":29},"end":{"line":54,"column":5}},"line":39},"3":{"name":"render","decl":{"start":{"line":60,"column":35},"end":{"line":60,"column":41}},"loc":{"start":{"line":60,"column":45},"end":{"line":60,"column":590}},"line":60},"4":{"name":"(anonymous_4)","decl":{"start":{"line":60,"column":270},"end":{"line":60,"column":271}},"loc":{"start":{"line":60,"column":286},"end":{"line":60,"column":311}},"line":60},"5":{"name":"(anonymous_5)","decl":{"start":{"line":60,"column":366},"end":{"line":60,"column":367}},"loc":{"start":{"line":60,"column":382},"end":{"line":60,"column":409}},"line":60},"6":{"name":"(anonymous_6)","decl":{"start":{"line":60,"column":465},"end":{"line":60,"column":466}},"loc":{"start":{"line":60,"column":481},"end":{"line":60,"column":506}},"line":60}},"branchMap":{"0":{"loc":{"start":{"line":43,"column":6},"end":{"line":53,"column":7}},"type":"if","locations":[{"start":{"line":43,"column":6},"end":{"line":53,"column":7}},{"start":{"line":43,"column":6},"end":{"line":53,"column":7}}],"line":43},"1":{"loc":{"start":{"line":45,"column":13},"end":{"line":53,"column":7}},"type":"if","locations":[{"start":{"line":45,"column":13},"end":{"line":53,"column":7}},{"start":{"line":45,"column":13},"end":{"line":53,"column":7}}],"line":45},"2":{"loc":{"start":{"line":45,"column":17},"end":{"line":45,"column":63}},"type":"binary-expr","locations":[{"start":{"line":45,"column":17},"end":{"line":45,"column":33}},{"start":{"line":45,"column":37},"end":{"line":45,"column":63}}],"line":45},"3":{"loc":{"start":{"line":47,"column":13},"end":{"line":53,"column":7}},"type":"if","locations":[{"start":{"line":47,"column":13},"end":{"line":53,"column":7}},{"start":{"line":47,"column":13},"end":{"line":53,"column":7}}],"line":47},"4":{"loc":{"start":{"line":47,"column":17},"end":{"line":47,"column":63}},"type":"binary-expr","locations":[{"start":{"line":47,"column":17},"end":{"line":47,"column":35}},{"start":{"line":47,"column":39},"end":{"line":47,"column":63}}],"line":47},"5":{"loc":{"start":{"line":49,"column":13},"end":{"line":53,"column":7}},"type":"if","locations":[{"start":{"line":49,"column":13},"end":{"line":53,"column":7}},{"start":{"line":49,"column":13},"end":{"line":53,"column":7}}],"line":49},"6":{"loc":{"start":{"line":49,"column":17},"end":{"line":49,"column":61}},"type":"binary-expr","locations":[{"start":{"line":49,"column":17},"end":{"line":49,"column":33}},{"start":{"line":49,"column":37},"end":{"line":49,"column":61}}],"line":49},"7":{"loc":{"start":{"line":59,"column":20},"end":{"line":59,"column":89}},"type":"cond-expr","locations":[{"start":{"line":59,"column":50},"end":{"line":59,"column":72}},{"start":{"line":59,"column":75},"end":{"line":59,"column":89}}],"line":59},"8":{"loc":{"start":{"line":59,"column":114},"end":{"line":59,"column":187}},"type":"cond-expr","locations":[{"start":{"line":59,"column":151},"end":{"line":59,"column":172}},{"start":{"line":59,"column":174},"end":{"line":59,"column":187}}],"line":59},"9":{"loc":{"start":{"line":60,"column":92},"end":{"line":60,"column":108}},"type":"binary-expr","locations":[{"start":{"line":60,"column":92},"end":{"line":60,"column":104}},{"start":{"line":60,"column":106},"end":{"line":60,"column":108}}],"line":60}},"s":{"0":1,"1":1,"2":1,"3":1,"4":2,"5":15,"6":15,"7":15,"8":3,"9":12,"10":1,"11":11,"12":2,"13":9,"14":1,"15":8,"16":1,"17":1,"18":1,"19":1,"20":3,"21":3,"22":3,"23":3,"24":0,"25":0,"26":0,"27":1},"f":{"0":1,"1":2,"2":15,"3":3,"4":0,"5":0,"6":0},"b":{"0":[3,12],"1":[1,11],"2":[12,5],"3":[2,9],"4":[11,5],"5":[1,8],"6":[9,2],"7":[1,0],"8":[0,1],"9":[3,0]},"_coverageSchema":"43e27e138ebf9cfc5966b082cf9a028302ed4184","hash":"e3444648799d4a301483583f94eee8fdc7669cbc"}
,"C:\\Users\\81909\\OneDrive\\デスクトップ\\vueアプリサンプル\\sampleapp\\src\\components\\axiosSample.vue": {"path":"C:\\Users\\81909\\OneDrive\\デスクトップ\\vueアプリサンプル\\sampleapp\\src\\components\\axiosSample.vue","statementMap":{"0":{"start":{"line":6,"column":0},"end":{"line":6,"column":null}},"1":{"start":{"line":10,"column":0},"end":{"line":10,"column":null}},"2":{"start":{"line":17,"column":0},"end":{"line":17,"column":null}},"3":{"start":{"line":18,"column":0},"end":{"line":18,"column":null}}},"fnMap":{"0":{"name":"(anonymous_1)","decl":{"start":{"line":9,"column":0},"end":{"line":9,"column":null}},"loc":{"start":{"line":9,"column":0},"end":{"line":13,"column":null}}},"1":{"name":"(anonymous_2)","decl":{"start":{"line":16,"column":0},"end":{"line":16,"column":null}},"loc":{"start":{"line":16,"column":0},"end":{"line":19,"column":null}}}},"branchMap":{},"s":{"0":1,"1":1,"2":1,"3":1},"f":{"0":1,"1":1},"b":{}}
,"C:\\Users\\81909\\OneDrive\\デスクトップ\\vueアプリサンプル\\sampleapp\\src\\views\\Music.vue": {"path":"C:\\Users\\81909\\OneDrive\\デスクトップ\\vueアプリサンプル\\sampleapp\\src\\views\\Music.vue","statementMap":{"0":{"start":{"line":25,"column":0},"end":{"line":25,"column":null}},"1":{"start":{"line":30,"column":0},"end":{"line":30,"column":null}}},"fnMap":{"0":{"name":"(anonymous_1)","decl":{"start":{"line":25,"column":0},"end":{"line":25,"column":null}},"loc":{"start":{"line":25,"column":0},"end":{"line":25,"column":null}}},"1":{"name":"(anonymous_2)","decl":{"start":{"line":29,"column":0},"end":{"line":29,"column":null}},"loc":{"start":{"line":29,"column":0},"end":{"line":31,"column":null}}}},"branchMap":{},"s":{"0":3,"1":2},"f":{"0":3,"1":2},"b":{}}
,"C:\\Users\\81909\\OneDrive\\デスクトップ\\vueアプリサンプル\\sampleapp\\src\\views\\Result.vue": {"path":"C:\\Users\\81909\\OneDrive\\デスクトップ\\vueアプリサンプル\\sampleapp\\src\\views\\Result.vue","statementMap":{"0":{"start":{"line":52,"column":0},"end":{"line":52,"column":null}},"1":{"start":{"line":58,"column":0},"end":{"line":58,"column":null}},"2":{"start":{"line":70,"column":0},"end":{"line":70,"column":null}},"3":{"start":{"line":74,"column":0},"end":{"line":78,"column":null}},"4":{"start":{"line":76,"column":0},"end":{"line":76,"column":null}},"5":{"start":{"line":77,"column":0},"end":{"line":77,"column":null}}},"fnMap":{"0":{"name":"(anonymous_1)","decl":{"start":{"line":57,"column":0},"end":{"line":57,"column":null}},"loc":{"start":{"line":57,"column":0},"end":{"line":61,"column":null}}},"1":{"name":"(anonymous_2)","decl":{"start":{"line":62,"column":0},"end":{"line":62,"column":null}},"loc":{"start":{"line":62,"column":0},"end":{"line":71,"column":null}}},"2":{"name":"(anonymous_3)","decl":{"start":{"line":73,"column":0},"end":{"line":73,"column":null}},"loc":{"start":{"line":73,"column":0},"end":{"line":79,"column":null}}},"3":{"name":"(anonymous_4)","decl":{"start":{"line":74,"column":0},"end":{"line":74,"column":null}},"loc":{"start":{"line":74,"column":0},"end":{"line":78,"column":null}}}},"branchMap":{},"s":{"0":1,"1":1,"2":1,"3":1,"4":1,"5":1},"f":{"0":1,"1":1,"2":1,"3":1},"b":{}}
}
