{"C:\\Users\\81909\\OneDrive\\デスクトップ\\vueアプリサンプル\\sampleapp\\src\\App.vue": {"path":"C:\\Users\\81909\\OneDrive\\デスクトップ\\vueアプリサンプル\\sampleapp\\src\\App.vue","statementMap":{"0":{"start":{"line":22,"column":0},"end":{"line":22,"column":null}},"1":{"start":{"line":27,"column":0},"end":{"line":27,"column":null}}},"fnMap":{"0":{"name":"(anonymous_1)","decl":{"start":{"line":27,"column":0},"end":{"line":27,"column":null}},"loc":{"start":{"line":27,"column":0},"end":{"line":27,"column":null}}}},"branchMap":{},"s":{"0":0,"1":0},"f":{"0":0},"b":{}}
,"C:\\Users\\81909\\OneDrive\\デスクトップ\\vueアプリサンプル\\sampleapp\\src\\main.ts": {"path":"C:\\Users\\81909\\OneDrive\\デスクトップ\\vueアプリサンプル\\sampleapp\\src\\main.ts","statementMap":{"0":{"start":{"line":1,"column":0},"end":{"line":1,"column":null}},"1":{"start":{"line":2,"column":0},"end":{"line":2,"column":null}},"2":{"start":{"line":3,"column":0},"end":{"line":3,"column":null}},"3":{"start":{"line":4,"column":0},"end":{"line":4,"column":null}},"4":{"start":{"line":5,"column":0},"end":{"line":5,"column":null}},"5":{"start":{"line":6,"column":0},"end":{"line":6,"column":null}},"6":{"start":{"line":8,"column":0},"end":{"line":8,"column":4}},"7":{"start":{"line":9,"column":0},"end":{"line":9,"column":4}},"8":{"start":{"line":11,"column":0},"end":{"line":11,"column":4}},"9":{"start":{"line":15,"column":15},"end":{"line":15,"column":17}}},"fnMap":{"0":{"name":"(anonymous_0)","decl":{"start":{"line":15,"column":10},"end":{"line":15,"column":11}},"loc":{"start":{"line":15,"column":15},"end":{"line":15,"column":17}}}},"branchMap":{},"s":{"0":0,"1":0,"2":0,"3":0,"4":0,"5":0,"6":0,"7":0,"8":0,"9":0},"f":{"0":0},"b":{}}
,"C:\\Users\\81909\\OneDrive\\デスクトップ\\vueアプリサンプル\\sampleapp\\src\\components\\HelloWorld.vue": {"path":"C:\\Users\\81909\\OneDrive\\デスクトップ\\vueアプリサンプル\\sampleapp\\src\\components\\HelloWorld.vue","statementMap":{"0":{"start":{"line":95,"column":0},"end":{"line":95,"column":null}},"1":{"start":{"line":100,"column":0},"end":{"line":100,"column":null}}},"fnMap":{"0":{"name":"(anonymous_1)","decl":{"start":{"line":100,"column":0},"end":{"line":100,"column":null}},"loc":{"start":{"line":100,"column":0},"end":{"line":100,"column":null}}}},"branchMap":{},"s":{"0":0,"1":0},"f":{"0":0},"b":{}}
,"C:\\Users\\81909\\OneDrive\\デスクトップ\\vueアプリサンプル\\sampleapp\\src\\components\\Sample.vue": {"path":"C:\\Users\\81909\\OneDrive\\デスクトップ\\vueアプリサンプル\\sampleapp\\src\\components\\Sample.vue","statementMap":{"0":{"start":{"line":23,"column":0},"end":{"line":23,"column":null}},"1":{"start":{"line":33,"column":0},"end":{"line":33,"column":null}},"2":{"start":{"line":34,"column":0},"end":{"line":34,"column":null}},"3":{"start":{"line":38,"column":0},"end":{"line":48,"column":null}},"4":{"start":{"line":39,"column":0},"end":{"line":39,"column":null}},"5":{"start":{"line":40,"column":0},"end":{"line":48,"column":null}},"6":{"start":{"line":41,"column":0},"end":{"line":41,"column":null}},"7":{"start":{"line":42,"column":0},"end":{"line":48,"column":null}},"8":{"start":{"line":43,"column":0},"end":{"line":43,"column":null}},"9":{"start":{"line":44,"column":0},"end":{"line":48,"column":null}},"10":{"start":{"line":45,"column":0},"end":{"line":45,"column":null}},"11":{"start":{"line":47,"column":0},"end":{"line":47,"column":null}}},"fnMap":{"0":{"name":"(anonymous_1)","decl":{"start":{"line":22,"column":0},"end":{"line":22,"column":null}},"loc":{"start":{"line":22,"column":0},"end":{"line":29,"column":null}}},"1":{"name":"(anonymous_2)","decl":{"start":{"line":32,"column":0},"end":{"line":32,"column":null}},"loc":{"start":{"line":32,"column":0},"end":{"line":49,"column":null}}}},"branchMap":{"0":{"loc":{"start":{"line":38,"column":0},"end":{"line":48,"column":null}},"type":"if","locations":[{"start":{"line":38,"column":0},"end":{"line":48,"column":null}},{"start":{"line":38,"column":0},"end":{"line":48,"column":null}}]},"1":{"loc":{"start":{"line":40,"column":0},"end":{"line":48,"column":null}},"type":"if","locations":[{"start":{"line":40,"column":0},"end":{"line":48,"column":null}},{"start":{"line":40,"column":0},"end":{"line":48,"column":null}}]},"2":{"loc":{"start":{"line":40,"column":0},"end":{"line":40,"column":null}},"type":"binary-expr","locations":[{"start":{"line":40,"column":0},"end":{"line":40,"column":null}},{"start":{"line":40,"column":0},"end":{"line":40,"column":null}}]},"3":{"loc":{"start":{"line":42,"column":0},"end":{"line":48,"column":null}},"type":"if","locations":[{"start":{"line":42,"column":0},"end":{"line":48,"column":null}},{"start":{"line":42,"column":0},"end":{"line":48,"column":null}}]},"4":{"loc":{"start":{"line":42,"column":0},"end":{"line":42,"column":null}},"type":"binary-expr","locations":[{"start":{"line":42,"column":0},"end":{"line":42,"column":null}},{"start":{"line":42,"column":0},"end":{"line":42,"column":null}}]},"5":{"loc":{"start":{"line":44,"column":0},"end":{"line":48,"column":null}},"type":"if","locations":[{"start":{"line":44,"column":0},"end":{"line":48,"column":null}},{"start":{"line":44,"column":0},"end":{"line":48,"column":null}}]},"6":{"loc":{"start":{"line":44,"column":0},"end":{"line":44,"column":null}},"type":"binary-expr","locations":[{"start":{"line":44,"column":0},"end":{"line":44,"column":null}},{"start":{"line":44,"column":0},"end":{"line":44,"column":null}}]}},"s":{"0":2,"1":14,"2":14,"3":14,"4":6,"5":8,"6":1,"7":7,"8":1,"9":6,"10":2,"11":4},"f":{"0":2,"1":14},"b":{"0":[6,8],"1":[1,7],"2":[8,2],"3":[1,6],"4":[7,2],"5":[2,4],"6":[6,4]}}
,"C:\\Users\\81909\\OneDrive\\デスクトップ\\vueアプリサンプル\\sampleapp\\src\\components\\axiosSample.vue": {"path":"C:\\Users\\81909\\OneDrive\\デスクトップ\\vueアプリサンプル\\sampleapp\\src\\components\\axiosSample.vue","statementMap":{"0":{"start":{"line":6,"column":0},"end":{"line":6,"column":null}},"1":{"start":{"line":10,"column":0},"end":{"line":10,"column":null}},"2":{"start":{"line":17,"column":0},"end":{"line":17,"column":null}},"3":{"start":{"line":18,"column":0},"end":{"line":18,"column":null}}},"fnMap":{"0":{"name":"(anonymous_1)","decl":{"start":{"line":9,"column":0},"end":{"line":9,"column":null}},"loc":{"start":{"line":9,"column":0},"end":{"line":13,"column":null}}},"1":{"name":"(anonymous_2)","decl":{"start":{"line":16,"column":0},"end":{"line":16,"column":null}},"loc":{"start":{"line":16,"column":0},"end":{"line":19,"column":null}}}},"branchMap":{},"s":{"0":1,"1":1,"2":1,"3":1},"f":{"0":1,"1":1},"b":{}}
,"C:\\Users\\81909\\OneDrive\\デスクトップ\\vueアプリサンプル\\sampleapp\\src\\plugins\\vuetify.ts": {"path":"C:\\Users\\81909\\OneDrive\\デスクトップ\\vueアプリサンプル\\sampleapp\\src\\plugins\\vuetify.ts","statementMap":{"0":{"start":{"line":1,"column":0},"end":{"line":1,"column":null}},"1":{"start":{"line":2,"column":0},"end":{"line":2,"column":null}},"2":{"start":{"line":4,"column":0},"end":{"line":4,"column":4}},"3":{"start":{"line":6,"column":15},"end":{"line":6,"column":19}}},"fnMap":{},"branchMap":{},"s":{"0":0,"1":0,"2":0,"3":0},"f":{},"b":{}}
,"C:\\Users\\81909\\OneDrive\\デスクトップ\\vueアプリサンプル\\sampleapp\\src\\router\\index.ts": {"path":"C:\\Users\\81909\\OneDrive\\デスクトップ\\vueアプリサンプル\\sampleapp\\src\\router\\index.ts","statementMap":{"0":{"start":{"line":1,"column":0},"end":{"line":1,"column":null}},"1":{"start":{"line":2,"column":0},"end":{"line":2,"column":null}},"2":{"start":{"line":3,"column":0},"end":{"line":3,"column":null}},"3":{"start":{"line":4,"column":0},"end":{"line":4,"column":null}},"4":{"start":{"line":5,"column":0},"end":{"line":5,"column":null}},"5":{"start":{"line":7,"column":0},"end":{"line":7,"column":4}},"6":{"start":{"line":9,"column":35},"end":{"line":9,"column":null}},"7":{"start":{"line":36,"column":15},"end":{"line":36,"column":61}},"8":{"start":{"line":40,"column":15},"end":{"line":40,"column":19}},"9":{"start":{"line":46,"column":15},"end":{"line":46,"column":null}}},"fnMap":{"0":{"name":"(anonymous_0)","decl":{"start":{"line":36,"column":15},"end":{"line":36,"column":61}},"loc":{"start":{"line":36,"column":15},"end":{"line":36,"column":61}}}},"branchMap":{},"s":{"0":0,"1":0,"2":0,"3":0,"4":0,"5":0,"6":0,"7":0,"8":0,"9":0},"f":{"0":0},"b":{}}
,"C:\\Users\\81909\\OneDrive\\デスクトップ\\vueアプリサンプル\\sampleapp\\src\\store\\index.ts": {"path":"C:\\Users\\81909\\OneDrive\\デスクトップ\\vueアプリサンプル\\sampleapp\\src\\store\\index.ts","statementMap":{"0":{"start":{"line":1,"column":0},"end":{"line":1,"column":null}},"1":{"start":{"line":2,"column":0},"end":{"line":2,"column":null}},"2":{"start":{"line":4,"column":0},"end":{"line":4,"column":4}},"3":{"start":{"line":6,"column":15},"end":{"line":6,"column":19}}},"fnMap":{},"branchMap":{},"s":{"0":0,"1":0,"2":0,"3":0},"f":{},"b":{}}
,"C:\\Users\\81909\\OneDrive\\デスクトップ\\vueアプリサンプル\\sampleapp\\src\\views\\Home.vue": {"path":"C:\\Users\\81909\\OneDrive\\デスクトップ\\vueアプリサンプル\\sampleapp\\src\\views\\Home.vue","statementMap":{"0":{"start":{"line":6,"column":0},"end":{"line":6,"column":null}},"1":{"start":{"line":7,"column":0},"end":{"line":7,"column":null}}},"fnMap":{},"branchMap":{},"s":{"0":0,"1":0},"f":{},"b":{}}
,"C:\\Users\\81909\\OneDrive\\デスクトップ\\vueアプリサンプル\\sampleapp\\src\\views\\Music.vue": {"path":"C:\\Users\\81909\\OneDrive\\デスクトップ\\vueアプリサンプル\\sampleapp\\src\\views\\Music.vue","statementMap":{"0":{"start":{"line":25,"column":0},"end":{"line":25,"column":null}},"1":{"start":{"line":30,"column":0},"end":{"line":30,"column":null}}},"fnMap":{"0":{"name":"(anonymous_1)","decl":{"start":{"line":25,"column":0},"end":{"line":25,"column":null}},"loc":{"start":{"line":25,"column":0},"end":{"line":25,"column":null}}},"1":{"name":"(anonymous_2)","decl":{"start":{"line":29,"column":0},"end":{"line":29,"column":null}},"loc":{"start":{"line":29,"column":0},"end":{"line":31,"column":null}}}},"branchMap":{},"s":{"0":3,"1":2},"f":{"0":3,"1":2},"b":{}}
,"C:\\Users\\81909\\OneDrive\\デスクトップ\\vueアプリサンプル\\sampleapp\\src\\views\\Result.vue": {"path":"C:\\Users\\81909\\OneDrive\\デスクトップ\\vueアプリサンプル\\sampleapp\\src\\views\\Result.vue","statementMap":{"0":{"start":{"line":52,"column":0},"end":{"line":52,"column":null}},"1":{"start":{"line":58,"column":0},"end":{"line":58,"column":null}},"2":{"start":{"line":70,"column":0},"end":{"line":70,"column":null}},"3":{"start":{"line":74,"column":0},"end":{"line":78,"column":null}},"4":{"start":{"line":76,"column":0},"end":{"line":76,"column":null}},"5":{"start":{"line":77,"column":0},"end":{"line":77,"column":null}}},"fnMap":{"0":{"name":"(anonymous_1)","decl":{"start":{"line":57,"column":0},"end":{"line":57,"column":null}},"loc":{"start":{"line":57,"column":0},"end":{"line":61,"column":null}}},"1":{"name":"(anonymous_2)","decl":{"start":{"line":62,"column":0},"end":{"line":62,"column":null}},"loc":{"start":{"line":62,"column":0},"end":{"line":71,"column":null}}},"2":{"name":"(anonymous_3)","decl":{"start":{"line":73,"column":0},"end":{"line":73,"column":null}},"loc":{"start":{"line":73,"column":0},"end":{"line":79,"column":null}}},"3":{"name":"(anonymous_4)","decl":{"start":{"line":74,"column":0},"end":{"line":74,"column":null}},"loc":{"start":{"line":74,"column":0},"end":{"line":78,"column":null}}}},"branchMap":{},"s":{"0":1,"1":1,"2":1,"3":1,"4":1,"5":1},"f":{"0":1,"1":1,"2":1,"3":1},"b":{}}
}
