TN:
SF:C:\Users\81909\OneDrive\デスクトップ\vueアプリサンプル\sampleapp\src\components\Sample.vue
FN:1,(anonymous_0)
FN:25,(anonymous_1)
FN:35,(anonymous_2)
FN:56,render
FN:56,(anonymous_4)
FN:56,(anonymous_5)
FN:56,(anonymous_6)
FNF:7
FNH:4
FNDA:1,(anonymous_0)
FNDA:2,(anonymous_1)
FNDA:21,(anonymous_2)
FNDA:3,render
FNDA:0,(anonymous_4)
FNDA:0,(anonymous_5)
FNDA:0,(anonymous_6)
DA:1,1
DA:4,1
DA:7,1
DA:22,1
DA:26,2
DA:36,21
DA:37,21
DA:39,21
DA:40,7
DA:41,14
DA:42,5
DA:43,9
DA:44,3
DA:45,6
DA:46,1
DA:48,5
DA:53,1
DA:55,1
DA:56,3
DA:57,1
LF:20
LH:20
BRDA:39,0,0,7
BRDA:39,0,1,14
BRDA:41,1,0,5
BRDA:41,1,1,9
BRDA:41,2,0,14
BRDA:41,2,1,6
BRDA:43,3,0,3
BRDA:43,3,1,6
BRDA:43,4,0,9
BRDA:43,4,1,4
BRDA:45,5,0,1
BRDA:45,5,1,5
BRDA:45,6,0,6
BRDA:45,6,1,4
BRDA:55,7,0,1
BRDA:55,7,1,0
BRDA:55,8,0,0
BRDA:55,8,1,1
BRDA:56,9,0,3
BRDA:56,9,1,0
BRF:20
BRH:17
end_of_record
