TN:
SF:C:\Users\81909\OneDrive\デスクトップ\vueアプリサンプル\sampleapp\src\App.vue
FN:27,(anonymous_1)
FNF:1
FNH:0
FNDA:0,(anonymous_1)
DA:22,0
DA:27,0
LF:2
LH:0
BRF:0
BRH:0
end_of_record
TN:
SF:C:\Users\81909\OneDrive\デスクトップ\vueアプリサンプル\sampleapp\src\main.ts
FN:15,(anonymous_0)
FNF:1
FNH:0
FNDA:0,(anonymous_0)
DA:1,0
DA:2,0
DA:3,0
DA:4,0
DA:5,0
DA:6,0
DA:8,0
DA:9,0
DA:11,0
DA:15,0
LF:10
LH:0
BRF:0
BRH:0
end_of_record
TN:
SF:C:\Users\81909\OneDrive\デスクトップ\vueアプリサンプル\sampleapp\src\components\HelloWorld.vue
FN:100,(anonymous_1)
FNF:1
FNH:0
FNDA:0,(anonymous_1)
DA:95,0
DA:100,0
LF:2
LH:0
BRF:0
BRH:0
end_of_record
TN:
SF:C:\Users\81909\OneDrive\デスクトップ\vueアプリサンプル\sampleapp\src\components\Sample.vue
FN:22,(anonymous_1)
FN:32,(anonymous_2)
FNF:2
FNH:2
FNDA:2,(anonymous_1)
FNDA:14,(anonymous_2)
DA:23,2
DA:33,14
DA:34,14
DA:38,14
DA:39,6
DA:40,8
DA:41,1
DA:42,7
DA:43,1
DA:44,6
DA:45,2
DA:47,4
LF:12
LH:12
BRDA:38,0,0,6
BRDA:38,0,1,8
BRDA:40,1,0,1
BRDA:40,1,1,7
BRDA:40,2,0,8
BRDA:40,2,1,2
BRDA:42,3,0,1
BRDA:42,3,1,6
BRDA:42,4,0,7
BRDA:42,4,1,2
BRDA:44,5,0,2
BRDA:44,5,1,4
BRDA:44,6,0,6
BRDA:44,6,1,4
BRF:14
BRH:14
end_of_record
TN:
SF:C:\Users\81909\OneDrive\デスクトップ\vueアプリサンプル\sampleapp\src\components\axiosSample.vue
FN:9,(anonymous_1)
FN:16,(anonymous_2)
FNF:2
FNH:2
FNDA:1,(anonymous_1)
FNDA:1,(anonymous_2)
DA:6,1
DA:10,1
DA:17,1
DA:18,1
LF:4
LH:4
BRF:0
BRH:0
end_of_record
TN:
SF:C:\Users\81909\OneDrive\デスクトップ\vueアプリサンプル\sampleapp\src\plugins\vuetify.ts
FNF:0
FNH:0
DA:1,0
DA:2,0
DA:4,0
DA:6,0
LF:4
LH:0
BRF:0
BRH:0
end_of_record
TN:
SF:C:\Users\81909\OneDrive\デスクトップ\vueアプリサンプル\sampleapp\src\router\index.ts
FN:36,(anonymous_0)
FNF:1
FNH:0
FNDA:0,(anonymous_0)
DA:1,0
DA:2,0
DA:3,0
DA:4,0
DA:5,0
DA:7,0
DA:9,0
DA:36,0
DA:40,0
DA:46,0
LF:10
LH:0
BRF:0
BRH:0
end_of_record
TN:
SF:C:\Users\81909\OneDrive\デスクトップ\vueアプリサンプル\sampleapp\src\store\index.ts
FNF:0
FNH:0
DA:1,0
DA:2,0
DA:4,0
DA:6,0
LF:4
LH:0
BRF:0
BRH:0
end_of_record
TN:
SF:C:\Users\81909\OneDrive\デスクトップ\vueアプリサンプル\sampleapp\src\views\Home.vue
FNF:0
FNH:0
DA:6,0
DA:7,0
LF:2
LH:0
BRF:0
BRH:0
end_of_record
TN:
SF:C:\Users\81909\OneDrive\デスクトップ\vueアプリサンプル\sampleapp\src\views\Music.vue
FN:25,(anonymous_1)
FN:29,(anonymous_2)
FNF:2
FNH:2
FNDA:3,(anonymous_1)
FNDA:2,(anonymous_2)
DA:25,3
DA:30,2
LF:2
LH:2
BRF:0
BRH:0
end_of_record
TN:
SF:C:\Users\81909\OneDrive\デスクトップ\vueアプリサンプル\sampleapp\src\views\Result.vue
FN:57,(anonymous_1)
FN:62,(anonymous_2)
FN:73,(anonymous_3)
FN:74,(anonymous_4)
FNF:4
FNH:4
FNDA:1,(anonymous_1)
FNDA:1,(anonymous_2)
FNDA:1,(anonymous_3)
FNDA:1,(anonymous_4)
DA:52,1
DA:58,1
DA:70,1
DA:74,1
DA:76,1
DA:77,1
LF:6
LH:6
BRF:0
BRH:0
end_of_record
